<?xml version="1.0" encoding="UTF-8"?>
<testng-results ignored="0" total="1" passed="1" failed="0" skipped="0">
  <reporter-output>
  </reporter-output>
  <suite started-at="2024-09-25T22:30:04 IST" name="Default suite" finished-at="2024-09-25T22:30:15 IST" duration-ms="11118">
    <groups>
    </groups>
    <test started-at="2024-09-25T22:30:04 IST" name="Default test" finished-at="2024-09-25T22:30:15 IST" duration-ms="11118">
      <class name="tests.GoogleTest">
        <test-method signature="f()[pri:0, instance:tests.GoogleTest@2f217633]" started-at="2024-09-25T22:30:04 IST" name="f" finished-at="2024-09-25T22:30:15 IST" duration-ms="11075" status="PASS">
          <reporter-output>
          </reporter-output>
        </test-method> <!-- f -->
      </class> <!-- tests.GoogleTest -->
    </test> <!-- Default test -->
  </suite> <!-- Default suite -->
</testng-results>
